<?xml version="1.0" encoding="UTF-8"?>
<testng-results ignored="0" total="1" passed="1" failed="0" skipped="0">
  <reporter-output>
  </reporter-output>
  <suite started-at="2024-03-29T15:29:02 IST" name="Default suite" finished-at="2024-03-29T15:29:05 IST" duration-ms="3748">
    <groups>
    </groups>
    <test started-at="2024-03-29T15:29:02 IST" name="Default test" finished-at="2024-03-29T15:29:05 IST" duration-ms="3748">
      <class name="com.dvm.qa.selenium.tests.LoginTest">
        <test-method is-config="true" signature="setUp()[pri:0, instance:com.dvm.qa.selenium.tests.LoginTest@49139829]" started-at="2024-03-29T15:29:02 IST" name="setUp" finished-at="2024-03-29T15:29:04 IST" duration-ms="2482" status="PASS">
          <reporter-output>
          </reporter-output>
        </test-method> <!-- setUp -->
        <test-method signature="verify_login()[pri:0, instance:com.dvm.qa.selenium.tests.LoginTest@49139829]" started-at="2024-03-29T15:29:04 IST" name="verify_login" finished-at="2024-03-29T15:29:05 IST" duration-ms="611" status="PASS">
          <reporter-output>
          </reporter-output>
        </test-method> <!-- verify_login -->
        <test-method is-config="true" signature="tearDown()[pri:0, instance:com.dvm.qa.selenium.tests.LoginTest@49139829]" started-at="2024-03-29T15:29:05 IST" name="tearDown" finished-at="2024-03-29T15:29:05 IST" duration-ms="622" status="PASS">
          <reporter-output>
          </reporter-output>
        </test-method> <!-- tearDown -->
      </class> <!-- com.dvm.qa.selenium.tests.LoginTest -->
    </test> <!-- Default test -->
  </suite> <!-- Default suite -->
</testng-results>
