<?xml version="1.0" encoding="UTF-8"?>
<testng-results ignored="0" total="1" passed="1" failed="0" skipped="0">
  <reporter-output>
  </reporter-output>
  <suite started-at="2024-04-02T11:08:17 IST" name="Suite" finished-at="2024-04-02T11:08:29 IST" duration-ms="11874">
    <groups>
    </groups>
    <test started-at="2024-04-02T11:08:17 IST" name="Test" finished-at="2024-04-02T11:08:29 IST" duration-ms="11874">
      <class name="com.dvm.qa.selenium.tests.LoginTest">
        <test-method is-config="true" signature="setUp()[pri:0, instance:com.dvm.qa.selenium.tests.LoginTest@36902638]" started-at="2024-04-02T11:08:17 IST" name="setUp" finished-at="2024-04-02T11:08:25 IST" duration-ms="8341" status="PASS">
          <reporter-output>
          </reporter-output>
        </test-method> <!-- setUp -->
        <test-method signature="verify_login()[pri:0, instance:com.dvm.qa.selenium.tests.LoginTest@36902638]" started-at="2024-04-02T11:08:25 IST" name="verify_login" finished-at="2024-04-02T11:08:27 IST" duration-ms="1744" status="PASS">
          <reporter-output>
          </reporter-output>
        </test-method> <!-- verify_login -->
        <test-method is-config="true" signature="tearDown()[pri:0, instance:com.dvm.qa.selenium.tests.LoginTest@36902638]" started-at="2024-04-02T11:08:27 IST" name="tearDown" finished-at="2024-04-02T11:08:29 IST" duration-ms="1687" status="PASS">
          <reporter-output>
          </reporter-output>
        </test-method> <!-- tearDown -->
      </class> <!-- com.dvm.qa.selenium.tests.LoginTest -->
    </test> <!-- Test -->
  </suite> <!-- Suite -->
</testng-results>
